[2022-08-05T12:35:22.789824+00:00] log.DEBUG: requestUri ["/",2,["",""]] []
[2022-08-05T12:36:15.769663+00:00] log.DEBUG: requestUri ["/",2,["",""]] []
[2022-08-05T12:36:15.770285+00:00] log.INFO: Datastore set ["naver"] []
[2022-08-05T12:36:55.721137+00:00] log.DEBUG: requestUri ["/",2,["",""]] []
[2022-08-05T12:36:55.721613+00:00] log.INFO: Datastore set ["naver"] []
[2022-08-05T12:37:04.649541+00:00] log.DEBUG: requestUri ["/naver",2,["","naver"]] []
[2022-08-05T12:37:04.650008+00:00] log.INFO: Datastore get ["/naver"] []
[2022-08-05T12:38:05.839342+00:00] log.DEBUG: requestUri ["/",2,["",""]] []
[2022-08-05T12:38:05.839885+00:00] log.INFO: Datastore set ["/naver"] []
[2022-08-05T12:38:09.553300+00:00] log.DEBUG: requestUri ["/naver",2,["","naver"]] []
[2022-08-05T12:38:09.554070+00:00] log.INFO: Datastore get ["/naver"] []
[2022-08-05T12:38:09.954749+00:00] log.INFO: Redirect ["bmF2ZXIuY29t"] []
[2022-08-05T12:38:36.587285+00:00] log.DEBUG: requestUri ["/",2,["",""]] []
[2022-08-05T12:38:36.587728+00:00] log.INFO: Datastore set ["/naver2"] []
[2022-08-05T12:38:40.850398+00:00] log.DEBUG: requestUri ["/naver2",2,["","naver2"]] []
[2022-08-05T12:38:40.850789+00:00] log.INFO: Datastore get ["/naver2"] []
[2022-08-05T12:38:41.198695+00:00] log.INFO: Redirect ["aHR0cHM6Ly9uYXZlci5jb20="] []
[2022-08-05T13:03:46.587451+00:00] log.INFO: Request Uri {"requestUri":"/naver2"} []
[2022-08-05T13:03:46.588871+00:00] log.DEBUG: requestUri ["/naver2",2,["","naver2"]] []
[2022-08-05T13:03:46.589723+00:00] log.INFO: Datastore get ["/naver2"] []
[2022-08-05T13:03:47.062005+00:00] log.INFO: Redirect ["aHR0cHM6Ly9uYXZlci5jb20="] []
[2022-08-05T13:08:01.768536+00:00] log.INFO: Request Uri {"requestUri":"/"} []
[2022-08-05T13:08:01.769466+00:00] log.DEBUG: requestUri ["",1,[""]] []
[2022-08-05T13:08:01.769697+00:00] log.INFO: Datastore set ["naver3"] []
[2022-08-05T13:09:14.663415+00:00] log.INFO: Request Uri {"requestUri":"/"} []
[2022-08-05T13:09:14.663890+00:00] log.DEBUG: requestUri ["",1,[""]] []
[2022-08-05T13:09:14.664098+00:00] log.INFO: Datastore set ["naver3"] []
[2022-08-05T13:09:51.357523+00:00] log.INFO: Request Uri {"requestUri":"/"} []
[2022-08-05T13:09:51.358117+00:00] log.DEBUG: requestUri ["",1,[""]] []
[2022-08-05T13:09:51.358303+00:00] log.INFO: Datastore set ["naver3"] []
[2022-08-05T13:09:56.277077+00:00] log.INFO: Request Uri {"requestUri":"/"} []
[2022-08-05T13:09:56.277598+00:00] log.DEBUG: requestUri ["",1,[""]] []
[2022-08-05T13:09:56.277807+00:00] log.INFO: Datastore set ["naver4"] []
[2022-08-05T13:10:01.625252+00:00] log.INFO: Request Uri {"requestUri":"/naver4"} []
[2022-08-05T13:10:01.625621+00:00] log.DEBUG: requestUri ["naver4",1,["naver4"]] []
[2022-08-05T13:10:28.124270+00:00] log.INFO: Request Uri {"requestUri":"/naver4"} []
[2022-08-05T13:10:28.124681+00:00] log.DEBUG: requestUri ["naver4",1,["naver4"]] []
[2022-08-05T13:12:18.764148+00:00] log.INFO: Request Uri {"requestUri":"/naver4"} []
[2022-08-05T13:12:18.765021+00:00] log.DEBUG: requestUri ["naver4",1,["naver4"]] []
[2022-08-05T13:12:26.563689+00:00] log.INFO: Request Uri {"requestUri":"/naver4"} []
[2022-08-05T13:12:26.564282+00:00] log.DEBUG: requestUri ["naver4",1,["naver4"]] []
[2022-08-05T13:12:29.577251+00:00] log.INFO: Request Uri {"requestUri":"/naver4"} []
[2022-08-05T13:12:29.577673+00:00] log.DEBUG: requestUri ["naver4",1,["naver4"]] []
[2022-08-05T13:13:57.443565+00:00] log.INFO: Request Uri {"requestUri":"/naver4"} []
[2022-08-05T13:13:57.444231+00:00] log.DEBUG: requestUri ["naver4",1,["naver4"]] []
[2022-08-05T13:13:57.444664+00:00] log.INFO: Datastore get ["naver4"] []
[2022-08-05T13:13:57.828645+00:00] log.INFO: Redirect ["https://naver.com"] []
[2022-08-05T13:14:04.074583+00:00] log.INFO: Request Uri {"requestUri":"/"} []
[2022-08-05T13:14:04.075125+00:00] log.DEBUG: requestUri ["",1,[""]] []
[2022-08-05T13:14:04.075576+00:00] log.INFO: Datastore get [""] []
[2022-08-05T13:14:12.084645+00:00] log.INFO: Request Uri {"requestUri":"/"} []
[2022-08-05T13:14:12.085088+00:00] log.DEBUG: requestUri ["",1,[""]] []
[2022-08-05T13:14:12.085286+00:00] log.INFO: Datastore get [""] []
[2022-08-05T13:14:15.218801+00:00] log.INFO: Request Uri {"requestUri":"/"} []
[2022-08-05T13:14:15.219649+00:00] log.DEBUG: requestUri ["",1,[""]] []
[2022-08-05T13:14:15.220062+00:00] log.INFO: Datastore get [""] []
[2022-08-05T13:14:57.997488+00:00] log.INFO: Request Uri {"requestUri":"/"} []
[2022-08-05T13:14:57.998652+00:00] log.DEBUG: requestUri ["",1,[""]] []
[2022-08-05T13:14:57.999163+00:00] log.INFO: Datastore set ["4naver44"] []
[2022-08-05T13:14:59.779324+00:00] log.INFO: Request Uri {"requestUri":"/"} []
[2022-08-05T13:14:59.779689+00:00] log.DEBUG: requestUri ["",1,[""]] []
[2022-08-05T13:14:59.779870+00:00] log.INFO: Datastore set ["4naver44"] []
[2022-08-05T13:15:02.295824+00:00] log.INFO: Request Uri {"requestUri":"/"} []
[2022-08-05T13:15:02.296842+00:00] log.DEBUG: requestUri ["",1,[""]] []
[2022-08-05T13:15:03.028118+00:00] log.INFO: Request Uri {"requestUri":"/"} []
[2022-08-05T13:15:03.028821+00:00] log.DEBUG: requestUri ["",1,[""]] []
[2022-08-05T13:15:07.014819+00:00] log.INFO: Request Uri {"requestUri":"/4naver44"} []
[2022-08-05T13:15:07.015542+00:00] log.DEBUG: requestUri ["4naver44",1,["4naver44"]] []
[2022-08-05T13:15:07.015926+00:00] log.INFO: Datastore get ["4naver44"] []
[2022-08-05T13:15:07.388282+00:00] log.INFO: Redirect ["https://naver.com"] []
[2022-08-05T13:15:11.593275+00:00] log.INFO: Request Uri {"requestUri":"/4naver44/3"} []
[2022-08-05T13:15:11.594013+00:00] log.DEBUG: requestUri ["4naver44/3",2,["4naver44","3"]] []
[2022-08-05T13:15:11.594408+00:00] log.INFO: Datastore get ["4naver44/3"] []
[2022-08-05T13:15:11.950042+00:00] log.INFO: Redirect [""] []
[2022-08-05T13:15:39.150059+00:00] log.INFO: Request Uri {"requestUri":"/4naver44/3"} []
[2022-08-05T13:15:39.151627+00:00] log.DEBUG: requestUri ["4naver44/3",2,["4naver44","3"]] []
[2022-08-05T13:15:39.152155+00:00] log.INFO: Datastore get ["4naver44/3"] []
[2022-08-05T13:15:39.525365+00:00] log.INFO: Redirect [""] []
[2022-08-05T13:15:52.739741+00:00] log.INFO: Request Uri {"requestUri":"/4naver44/3"} []
[2022-08-05T13:15:52.740205+00:00] log.DEBUG: requestUri ["4naver44/3",2,["4naver44","3"]] []
[2022-08-05T13:15:52.740571+00:00] log.INFO: Datastore get ["4naver44/3"] []
[2022-08-05T13:15:53.124369+00:00] log.INFO: Redirect [null] []
[2022-08-05T13:51:34.330855+00:00] log.INFO: Request Uri {"requestUri":"/"} []
[2022-08-05T13:51:34.332279+00:00] log.DEBUG: requestUri ["",1,[""]] []
[2022-08-05T13:51:35.753523+00:00] log.INFO: Request Uri {"requestUri":"/"} []
[2022-08-05T13:51:35.754115+00:00] log.DEBUG: requestUri ["",1,[""]] []
[2022-08-05T13:52:28.329786+00:00] log.INFO: Request Uri {"requestUri":"/test"} []
[2022-08-05T13:52:28.330258+00:00] log.DEBUG: requestUri ["test",1,["test"]] []
[2022-08-05T13:52:28.331476+00:00] log.INFO: Datastore get ["test"] []
[2022-08-05T13:52:28.902163+00:00] log.INFO: Redirect [""] []
[2022-08-05T13:52:31.157097+00:00] log.INFO: Request Uri {"requestUri":"/test"} []
[2022-08-05T13:52:31.157623+00:00] log.DEBUG: requestUri ["test",1,["test"]] []
[2022-08-05T13:52:31.157923+00:00] log.INFO: Datastore get ["test"] []
[2022-08-05T13:52:31.528392+00:00] log.INFO: Redirect [""] []
[2022-08-05T13:52:31.543948+00:00] log.INFO: Request Uri {"requestUri":"/"} []
[2022-08-05T13:52:31.544337+00:00] log.DEBUG: requestUri ["",1,[""]] []
[2022-08-05T14:08:07.931989+00:00] log.INFO: Request Uri {"requestUri":"/"} []
[2022-08-05T14:08:07.932853+00:00] log.DEBUG: requestUri ["",1,[""]] []
[2022-08-05T14:09:27.800160+00:00] log.INFO: Request Uri {"requestUri":"/"} []
[2022-08-05T14:09:27.801009+00:00] log.DEBUG: requestUri ["",1,[""]] []
[2022-08-05T14:09:32.001214+00:00] log.INFO: Request Uri {"requestUri":"/"} []
[2022-08-05T14:09:32.001696+00:00] log.DEBUG: requestUri ["",1,[""]] []
[2022-08-05T14:09:39.588532+00:00] log.INFO: Request Uri {"requestUri":null} []
[2022-08-05T14:09:39.589702+00:00] log.DEBUG: requestUri ["",1,[""]] []
[2022-08-05T14:09:40.786915+00:00] log.INFO: Request Uri {"requestUri":"/"} []
[2022-08-05T14:09:40.787471+00:00] log.DEBUG: requestUri ["",1,[""]] []
[2022-08-05T14:09:42.172076+00:00] log.INFO: Request Uri {"requestUri":"/"} []
[2022-08-05T14:09:42.172570+00:00] log.DEBUG: requestUri ["",1,[""]] []
[2022-08-05T14:10:29.725613+00:00] log.INFO: Request Uri {"requestUri":"/"} []
[2022-08-05T14:10:29.730244+00:00] log.DEBUG: requestUri ["",1,[""]] []
[2022-08-05T14:12:52.800861+00:00] log.INFO: Request Uri {"requestUri":"/"} []
[2022-08-05T14:12:52.804312+00:00] log.DEBUG: requestUri ["",1,[""]] []
[2022-08-05T14:16:00.560412+00:00] log.INFO: Request Uri {"requestUri":"/"} []
[2022-08-05T14:16:00.561018+00:00] log.DEBUG: requestUri ["",1,[""]] []
[2022-08-05T14:16:10.388089+00:00] log.INFO: Request Uri {"requestUri":"/"} []
[2022-08-05T14:16:10.388877+00:00] log.DEBUG: requestUri ["",1,[""]] []
[2022-08-05T14:16:10.390497+00:00] log.INFO: Datastore set ["John"] []
[2022-08-05T14:21:03.196093+00:00] log.INFO: Request Uri {"requestUri":"/Jhon"} []
[2022-08-05T14:21:03.196586+00:00] log.DEBUG: requestUri ["Jhon",1,["Jhon"]] []
[2022-08-05T14:21:03.196812+00:00] log.INFO: Datastore get ["Jhon"] []
[2022-08-05T14:21:03.877673+00:00] log.INFO: Redirect [""] []
[2022-08-05T14:21:13.682537+00:00] log.INFO: Request Uri {"requestUri":"/Jhon"} []
[2022-08-05T14:21:13.682900+00:00] log.DEBUG: requestUri ["Jhon",1,["Jhon"]] []
[2022-08-05T14:21:13.683079+00:00] log.INFO: Datastore get ["Jhon"] []
[2022-08-05T14:21:14.053388+00:00] log.INFO: Redirect [""] []
[2022-08-05T14:21:30.399854+00:00] log.INFO: Request Uri {"requestUri":"/"} []
[2022-08-05T14:21:30.400258+00:00] log.DEBUG: requestUri ["",1,[""]] []
[2022-08-05T14:21:33.803256+00:00] log.INFO: Request Uri {"requestUri":"/"} []
[2022-08-05T14:21:33.804574+00:00] log.DEBUG: requestUri ["",1,[""]] []
[2022-08-05T14:21:33.804848+00:00] log.INFO: Datastore set ["John"] []
[2022-08-05T14:21:59.221624+00:00] log.INFO: Request Uri {"requestUri":"/"} []
[2022-08-05T14:21:59.222084+00:00] log.DEBUG: requestUri ["",1,[""]] []
[2022-08-05T14:21:59.222761+00:00] log.INFO: Datastore set ["John","http://naver.com"] []
[2022-08-05T14:22:21.331676+00:00] log.INFO: Request Uri {"requestUri":"/"} []
[2022-08-05T14:22:21.332260+00:00] log.DEBUG: requestUri ["",1,[""]] []
[2022-08-05T14:22:22.653597+00:00] log.INFO: Request Uri {"requestUri":"/"} []
[2022-08-05T14:22:22.654060+00:00] log.DEBUG: requestUri ["",1,[""]] []
[2022-08-05T14:22:22.654369+00:00] log.INFO: Datastore set ["John2","https://naver.com"] []
[2022-08-05T14:22:35.994873+00:00] log.INFO: Request Uri {"requestUri":"/John2"} []
[2022-08-05T14:22:35.995314+00:00] log.DEBUG: requestUri ["John2",1,["John2"]] []
[2022-08-05T14:22:35.995621+00:00] log.INFO: Datastore get ["John2"] []
[2022-08-05T14:22:36.376740+00:00] log.INFO: Redirect ["https://naver.com"] []
[2022-08-05T14:29:16.880448+00:00] log.INFO: Request Uri {"requestUri":"/"} []
[2022-08-05T14:29:16.881047+00:00] log.DEBUG: requestUri ["",1,[""]] []
[2022-08-05T14:29:18.178353+00:00] log.INFO: Request Uri {"requestUri":"/"} []
[2022-08-05T14:29:18.178787+00:00] log.DEBUG: requestUri ["",1,[""]] []
[2022-08-05T14:29:18.179176+00:00] log.INFO: Datastore set ["John2","https://naver.com"] []
[2022-08-05T14:30:48.439978+00:00] log.INFO: Request Uri {"requestUri":"/"} []
[2022-08-05T14:30:48.440456+00:00] log.DEBUG: requestUri ["",1,[""]] []
[2022-08-05T14:31:00.945822+00:00] log.INFO: Request Uri {"requestUri":"/"} []
[2022-08-05T14:31:00.946204+00:00] log.DEBUG: requestUri ["",1,[""]] []
[2022-08-05T14:31:07.213502+00:00] log.INFO: Request Uri {"requestUri":"/"} []
[2022-08-05T14:31:07.213969+00:00] log.DEBUG: requestUri ["",1,[""]] []
[2022-08-05T14:31:15.397358+00:00] log.INFO: Request Uri {"requestUri":"/"} []
[2022-08-05T14:31:15.397809+00:00] log.DEBUG: requestUri ["",1,[""]] []
[2022-08-05T14:31:33.532337+00:00] log.INFO: Request Uri {"requestUri":"/"} []
[2022-08-05T14:31:33.532974+00:00] log.DEBUG: requestUri ["",1,[""]] []
[2022-08-05T14:31:33.533439+00:00] log.INFO: Datastore set ["test","https://naver.com"] []
[2022-08-05T14:31:48.745047+00:00] log.INFO: Request Uri {"requestUri":"/"} []
[2022-08-05T14:31:48.745624+00:00] log.DEBUG: requestUri ["",1,[""]] []
[2022-08-05T14:31:48.746133+00:00] log.INFO: Datastore set ["the","https://naver.com"] []
[2022-08-05T14:31:53.383137+00:00] log.INFO: Request Uri {"requestUri":"/"} []
[2022-08-05T14:31:53.383570+00:00] log.DEBUG: requestUri ["",1,[""]] []
[2022-08-05T14:31:57.904563+00:00] log.INFO: Request Uri {"requestUri":"/the"} []
[2022-08-05T14:31:57.904968+00:00] log.DEBUG: requestUri ["the",1,["the"]] []
[2022-08-05T14:31:57.905158+00:00] log.INFO: Datastore get ["the"] []
[2022-08-05T14:31:58.262841+00:00] log.INFO: Redirect ["https://naver.com"] []
[2022-08-05T14:32:07.430222+00:00] log.INFO: Request Uri {"requestUri":"/"} []
[2022-08-05T14:32:07.430871+00:00] log.DEBUG: requestUri ["",1,[""]] []
[2022-08-05T14:32:07.431164+00:00] log.INFO: Datastore set ["the/test/1","https://naver.com"] []
[2022-08-05T14:32:12.570550+00:00] log.INFO: Request Uri {"requestUri":"/"} []
[2022-08-05T14:32:12.570957+00:00] log.DEBUG: requestUri ["",1,[""]] []
[2022-08-05T14:32:13.578915+00:00] log.INFO: Request Uri {"requestUri":"//fwfew"} []
[2022-08-05T14:32:13.579236+00:00] log.DEBUG: requestUri ["/fwfew",2,["","fwfew"]] []
[2022-08-05T14:32:14.289742+00:00] log.INFO: Request Uri {"requestUri":"/"} []
[2022-08-05T14:32:14.290107+00:00] log.DEBUG: requestUri ["",1,[""]] []
[2022-08-05T14:32:14.787773+00:00] log.INFO: Request Uri {"requestUri":"/the"} []
[2022-08-05T14:32:14.788149+00:00] log.DEBUG: requestUri ["the",1,["the"]] []
[2022-08-05T14:32:14.788520+00:00] log.INFO: Datastore get ["the"] []
[2022-08-05T14:32:15.159454+00:00] log.INFO: Redirect ["https://naver.com"] []
[2022-08-05T14:32:16.850117+00:00] log.INFO: Request Uri {"requestUri":"/the/test/1"} []
[2022-08-05T14:32:16.850580+00:00] log.DEBUG: requestUri ["the/test/1",3,["the","test","1"]] []
[2022-08-05T14:32:16.850935+00:00] log.INFO: Datastore get ["the/test/1"] []
[2022-08-05T14:32:17.195532+00:00] log.INFO: Redirect ["https://naver.com"] []
[2022-08-05T14:32:30.497096+00:00] log.INFO: Request Uri {"requestUri":"/"} []
[2022-08-05T14:32:30.497598+00:00] log.DEBUG: requestUri ["",1,[""]] []
[2022-08-05T14:32:30.497933+00:00] log.INFO: Datastore set ["the/test/2","naver.com"] []
[2022-08-05T14:32:34.612247+00:00] log.INFO: Request Uri {"requestUri":"/"} []
[2022-08-05T14:32:34.612757+00:00] log.DEBUG: requestUri ["",1,[""]] []
[2022-08-05T14:32:35.451082+00:00] log.INFO: Request Uri {"requestUri":"//fwfew"} []
[2022-08-05T14:32:35.451419+00:00] log.DEBUG: requestUri ["/fwfew",2,["","fwfew"]] []
[2022-08-05T14:32:35.936724+00:00] log.INFO: Request Uri {"requestUri":"/"} []
[2022-08-05T14:32:35.937083+00:00] log.DEBUG: requestUri ["",1,[""]] []
[2022-08-05T14:32:36.455459+00:00] log.INFO: Request Uri {"requestUri":"/the"} []
[2022-08-05T14:32:36.455836+00:00] log.DEBUG: requestUri ["the",1,["the"]] []
[2022-08-05T14:32:36.456069+00:00] log.INFO: Datastore get ["the"] []
[2022-08-05T14:32:36.826988+00:00] log.INFO: Redirect ["https://naver.com"] []
[2022-08-05T14:32:38.777821+00:00] log.INFO: Request Uri {"requestUri":"/the/test/2"} []
[2022-08-05T14:32:38.778239+00:00] log.DEBUG: requestUri ["the/test/2",3,["the","test","2"]] []
[2022-08-05T14:32:38.778576+00:00] log.INFO: Datastore get ["the/test/2"] []
[2022-08-05T14:32:39.122017+00:00] log.INFO: Redirect ["naver.com"] []
[2022-08-05T14:33:10.906053+00:00] log.INFO: Request Uri {"requestUri":"/"} []
[2022-08-05T14:33:10.906438+00:00] log.DEBUG: requestUri ["",1,[""]] []
[2022-08-05T14:33:33.891232+00:00] log.INFO: Request Uri {"requestUri":"/"} []
[2022-08-05T14:33:33.891751+00:00] log.DEBUG: requestUri ["",1,[""]] []
[2022-08-05T14:33:51.105788+00:00] log.INFO: Request Uri {"requestUri":"/"} []
[2022-08-05T14:33:51.106272+00:00] log.DEBUG: requestUri ["",1,[""]] []
[2022-08-05T14:33:56.030701+00:00] log.INFO: Request Uri {"requestUri":"/"} []
[2022-08-05T14:33:56.031214+00:00] log.DEBUG: requestUri ["",1,[""]] []
[2022-08-05T14:34:41.611745+00:00] log.INFO: Request Uri {"requestUri":"/"} []
[2022-08-05T14:34:41.612230+00:00] log.DEBUG: requestUri ["",1,[""]] []
[2022-08-05T14:34:45.230518+00:00] log.INFO: Request Uri {"requestUri":"/"} []
[2022-08-05T14:34:45.231180+00:00] log.DEBUG: requestUri ["",1,[""]] []
[2022-08-05T14:34:45.231509+00:00] log.INFO: Datastore set ["twetwetwet","twetwetw"] []
[2022-08-05T14:35:10.462989+00:00] log.INFO: Request Uri {"requestUri":"/"} []
[2022-08-05T14:35:10.463502+00:00] log.DEBUG: requestUri ["",1,[""]] []
[2022-08-05T14:35:10.463904+00:00] log.INFO: Datastore set ["twetwetwet3","twetwetw3"] []
[2022-08-05T14:35:40.509967+00:00] log.INFO: Request Uri {"requestUri":"/"} []
[2022-08-05T14:35:40.510314+00:00] log.DEBUG: requestUri ["",1,[""]] []
[2022-08-05T14:35:41.309244+00:00] log.INFO: Request Uri {"requestUri":"/"} []
[2022-08-05T14:35:41.309844+00:00] log.DEBUG: requestUri ["",1,[""]] []
[2022-08-05T14:35:48.428205+00:00] log.INFO: Request Uri {"requestUri":"/"} []
[2022-08-05T14:35:48.428732+00:00] log.DEBUG: requestUri ["",1,[""]] []
[2022-08-05T14:35:57.129872+00:00] log.INFO: Request Uri {"requestUri":"/"} []
[2022-08-05T14:35:57.130370+00:00] log.DEBUG: requestUri ["",1,[""]] []
[2022-08-05T14:36:07.550266+00:00] log.INFO: Request Uri {"requestUri":"/"} []
[2022-08-05T14:36:07.550718+00:00] log.DEBUG: requestUri ["",1,[""]] []
[2022-08-05T14:36:16.900813+00:00] log.INFO: Request Uri {"requestUri":"/"} []
[2022-08-05T14:36:16.901259+00:00] log.DEBUG: requestUri ["",1,[""]] []
[2022-08-05T14:36:19.845570+00:00] log.INFO: Request Uri {"requestUri":"/"} []
[2022-08-05T14:36:19.846157+00:00] log.DEBUG: requestUri ["",1,[""]] []
[2022-08-05T14:36:19.846640+00:00] log.INFO: Datastore set ["23423","r23r2"] []
[2022-08-05T14:36:35.333600+00:00] log.INFO: Request Uri {"requestUri":"/"} []
[2022-08-05T14:36:35.334038+00:00] log.DEBUG: requestUri ["",1,[""]] []
[2022-08-05T14:46:37.441426+00:00] log.INFO: Request Uri {"requestUri":"/"} []
[2022-08-05T14:46:37.447812+00:00] log.DEBUG: requestUri ["",1,[""]] []
[2022-08-05T14:46:50.395687+00:00] log.INFO: Request Uri {"requestUri":"/"} []
[2022-08-05T14:46:50.396066+00:00] log.DEBUG: requestUri ["",1,[""]] []
[2022-08-05T14:47:44.240992+00:00] log.INFO: Request Uri {"requestUri":"/"} []
[2022-08-05T14:47:44.241365+00:00] log.DEBUG: requestUri ["",1,[""]] []
[2022-08-05T14:48:01.637690+00:00] log.INFO: Request Uri {"requestUri":"/"} []
[2022-08-05T14:48:01.638124+00:00] log.DEBUG: requestUri ["",1,[""]] []
[2022-08-05T14:50:22.487415+00:00] log.INFO: Request Uri {"requestUri":"/"} []
[2022-08-05T14:50:22.488907+00:00] log.DEBUG: requestUri ["",1,[""]] []
[2022-08-05T14:50:53.231719+00:00] log.INFO: Request Uri {"requestUri":"/"} []
[2022-08-05T14:50:53.232134+00:00] log.DEBUG: requestUri ["",1,[""]] []
[2022-08-05T14:50:57.735012+00:00] log.INFO: Request Uri {"requestUri":"/"} []
[2022-08-05T14:50:57.735718+00:00] log.DEBUG: requestUri ["",1,[""]] []
[2022-08-05T14:52:52.171317+00:00] log.INFO: Request Uri {"requestUri":"/"} []
[2022-08-05T14:52:52.173036+00:00] log.DEBUG: requestUri ["",1,[""]] []
[2022-08-05T14:53:00.203061+00:00] log.INFO: Request Uri {"requestUri":"/"} []
[2022-08-05T14:53:00.203443+00:00] log.DEBUG: requestUri ["",1,[""]] []
[2022-08-05T14:53:20.440719+00:00] log.INFO: Request Uri {"requestUri":"/"} []
[2022-08-05T14:53:20.441267+00:00] log.DEBUG: requestUri ["",1,[""]] []
[2022-08-05T14:53:25.093583+00:00] log.INFO: Request Uri {"requestUri":"/"} []
[2022-08-05T14:53:25.093927+00:00] log.DEBUG: requestUri ["",1,[""]] []
[2022-08-05T14:53:31.456804+00:00] log.INFO: Request Uri {"requestUri":"/"} []
[2022-08-05T14:53:31.460929+00:00] log.DEBUG: requestUri ["",1,[""]] []
[2022-08-05T14:54:04.750055+00:00] log.INFO: Request Uri {"requestUri":"/"} []
[2022-08-05T14:54:04.751262+00:00] log.DEBUG: requestUri ["",1,[""]] []
[2022-08-05T14:54:09.172409+00:00] log.INFO: Request Uri {"requestUri":"/"} []
[2022-08-05T14:54:09.172789+00:00] log.DEBUG: requestUri ["",1,[""]] []
[2022-08-05T14:54:13.826986+00:00] log.INFO: Request Uri {"requestUri":"/"} []
[2022-08-05T14:54:13.827419+00:00] log.DEBUG: requestUri ["",1,[""]] []
[2022-08-05T14:54:16.396143+00:00] log.INFO: Request Uri {"requestUri":"/"} []
[2022-08-05T14:54:16.396674+00:00] log.DEBUG: requestUri ["",1,[""]] []
[2022-08-05T14:54:44.593743+00:00] log.INFO: Request Uri {"requestUri":"/"} []
[2022-08-05T14:54:44.594266+00:00] log.DEBUG: requestUri ["",1,[""]] []
[2022-08-05T14:54:50.166022+00:00] log.INFO: Request Uri {"requestUri":"/"} []
[2022-08-05T14:54:50.166411+00:00] log.DEBUG: requestUri ["",1,[""]] []
[2022-08-05T14:54:56.738752+00:00] log.INFO: Request Uri {"requestUri":"/"} []
[2022-08-05T14:54:56.739565+00:00] log.DEBUG: requestUri ["",1,[""]] []
[2022-08-05T14:55:01.392256+00:00] log.INFO: Request Uri {"requestUri":"/"} []
[2022-08-05T14:55:01.392628+00:00] log.DEBUG: requestUri ["",1,[""]] []
[2022-08-05T14:55:16.248162+00:00] log.INFO: Request Uri {"requestUri":"/"} []
[2022-08-05T14:55:16.248551+00:00] log.DEBUG: requestUri ["",1,[""]] []
[2022-08-05T14:55:20.837263+00:00] log.INFO: Request Uri {"requestUri":"/"} []
[2022-08-05T14:55:20.837709+00:00] log.DEBUG: requestUri ["",1,[""]] []
[2022-08-05T14:55:21.713232+00:00] log.INFO: Request Uri {"requestUri":"/"} []
[2022-08-05T14:55:21.713565+00:00] log.DEBUG: requestUri ["",1,[""]] []
[2022-08-05T14:55:27.196036+00:00] log.INFO: Request Uri {"requestUri":"/"} []
[2022-08-05T14:55:27.196611+00:00] log.DEBUG: requestUri ["",1,[""]] []
[2022-08-05T14:55:38.676273+00:00] log.INFO: Request Uri {"requestUri":"/"} []
[2022-08-05T14:55:38.676692+00:00] log.DEBUG: requestUri ["",1,[""]] []
[2022-08-05T14:55:57.162244+00:00] log.INFO: Request Uri {"requestUri":"/"} []
[2022-08-05T14:55:57.162646+00:00] log.DEBUG: requestUri ["",1,[""]] []
[2022-08-05T14:56:09.309730+00:00] log.INFO: Request Uri {"requestUri":"/"} []
[2022-08-05T14:56:09.310132+00:00] log.DEBUG: requestUri ["",1,[""]] []
[2022-08-05T14:56:10.045306+00:00] log.INFO: Request Uri {"requestUri":"/"} []
[2022-08-05T14:56:10.045703+00:00] log.DEBUG: requestUri ["",1,[""]] []
[2022-08-05T14:56:20.342562+00:00] log.INFO: Request Uri {"requestUri":"/"} []
[2022-08-05T14:56:20.342951+00:00] log.DEBUG: requestUri ["",1,[""]] []
[2022-08-05T14:56:23.155946+00:00] log.INFO: Request Uri {"requestUri":"/"} []
[2022-08-05T14:56:23.160491+00:00] log.DEBUG: requestUri ["",1,[""]] []
[2022-08-05T14:56:38.237638+00:00] log.INFO: Request Uri {"requestUri":"/"} []
[2022-08-05T14:56:38.238052+00:00] log.DEBUG: requestUri ["",1,[""]] []
[2022-08-05T14:56:49.154828+00:00] log.INFO: Request Uri {"requestUri":"/"} []
[2022-08-05T14:56:49.155349+00:00] log.DEBUG: requestUri ["",1,[""]] []
[2022-08-05T14:57:05.514841+00:00] log.INFO: Request Uri {"requestUri":"/"} []
[2022-08-05T14:57:05.515296+00:00] log.DEBUG: requestUri ["",1,[""]] []
[2022-08-05T14:57:11.814926+00:00] log.INFO: Request Uri {"requestUri":"/"} []
[2022-08-05T14:57:11.815514+00:00] log.DEBUG: requestUri ["",1,[""]] []
[2022-08-05T14:57:14.320031+00:00] log.INFO: Request Uri {"requestUri":"/"} []
[2022-08-05T14:57:14.320655+00:00] log.DEBUG: requestUri ["",1,[""]] []
[2022-08-05T14:57:36.753469+00:00] log.INFO: Request Uri {"requestUri":"/"} []
[2022-08-05T14:57:36.754045+00:00] log.DEBUG: requestUri ["",1,[""]] []
[2022-08-05T14:57:40.734727+00:00] log.INFO: Request Uri {"requestUri":"/"} []
[2022-08-05T14:57:40.750142+00:00] log.DEBUG: requestUri ["",1,[""]] []
[2022-08-05T14:58:43.791333+00:00] log.INFO: Request Uri {"requestUri":"/"} []
[2022-08-05T14:58:43.791981+00:00] log.DEBUG: requestUri ["",1,[""]] []
[2022-08-05T14:58:51.124194+00:00] log.INFO: Request Uri {"requestUri":"/"} []
[2022-08-05T14:58:51.124633+00:00] log.DEBUG: requestUri ["",1,[""]] []
[2022-08-05T14:58:59.406638+00:00] log.INFO: Request Uri {"requestUri":"/"} []
[2022-08-05T14:58:59.407069+00:00] log.DEBUG: requestUri ["",1,[""]] []
[2022-08-05T14:59:07.590013+00:00] log.INFO: Request Uri {"requestUri":"/"} []
[2022-08-05T14:59:07.591210+00:00] log.DEBUG: requestUri ["",1,[""]] []
[2022-08-05T14:59:08.155990+00:00] log.INFO: Request Uri {"requestUri":"/"} []
[2022-08-05T14:59:08.156483+00:00] log.DEBUG: requestUri ["",1,[""]] []
[2022-08-05T14:59:54.624224+00:00] log.INFO: Request Uri {"requestUri":"/"} []
[2022-08-05T14:59:54.625412+00:00] log.DEBUG: requestUri ["",1,[""]] []
[2022-08-05T15:00:15.528505+00:00] log.INFO: Request Uri {"requestUri":"/"} []
[2022-08-05T15:00:15.528932+00:00] log.DEBUG: requestUri ["",1,[""]] []
[2022-08-05T15:00:24.999294+00:00] log.INFO: Request Uri {"requestUri":"/"} []
[2022-08-05T15:00:25.000050+00:00] log.DEBUG: requestUri ["",1,[""]] []
[2022-08-05T15:00:30.656976+00:00] log.INFO: Request Uri {"requestUri":"/"} []
[2022-08-05T15:00:30.658080+00:00] log.DEBUG: requestUri ["",1,[""]] []
[2022-08-05T15:01:38.827597+00:00] log.INFO: Request Uri {"requestUri":"/"} []
[2022-08-05T15:01:38.828237+00:00] log.DEBUG: requestUri ["",1,[""]] []
[2022-08-05T15:02:05.546041+00:00] log.INFO: Request Uri {"requestUri":"/"} []
[2022-08-05T15:02:05.546482+00:00] log.DEBUG: requestUri ["",1,[""]] []
[2022-08-05T15:02:09.891630+00:00] log.INFO: Request Uri {"requestUri":"/"} []
[2022-08-05T15:02:09.892056+00:00] log.DEBUG: requestUri ["",1,[""]] []
[2022-08-05T15:03:57.081052+00:00] log.INFO: Request Uri {"requestUri":"/"} []
[2022-08-05T15:03:57.081495+00:00] log.DEBUG: requestUri ["",1,[""]] []
[2022-08-05T15:04:32.826872+00:00] log.INFO: Request Uri {"requestUri":"/"} []
[2022-08-05T15:04:32.827389+00:00] log.DEBUG: requestUri ["",1,[""]] []
[2022-08-05T15:04:51.223855+00:00] log.INFO: Request Uri {"requestUri":"/"} []
[2022-08-05T15:04:51.224312+00:00] log.DEBUG: requestUri ["",1,[""]] []
[2022-08-05T15:04:51.224565+00:00] log.INFO: Datastore set ["nasa/article","https://www.nasa.gov/feature/additional-artemis-i-test-objectives-to-provide-added-confidence-in-capabilities-0"] []
[2022-08-05T15:04:57.460383+00:00] log.INFO: Request Uri {"requestUri":"/"} []
[2022-08-05T15:04:57.460784+00:00] log.DEBUG: requestUri ["",1,[""]] []
[2022-08-05T15:04:59.207313+00:00] log.INFO: Request Uri {"requestUri":"/nasa/article"} []
[2022-08-05T15:04:59.207694+00:00] log.DEBUG: requestUri ["nasa/article",2,["nasa","article"]] []
[2022-08-05T15:04:59.207886+00:00] log.INFO: Datastore get ["nasa/article"] []
[2022-08-05T15:04:59.640200+00:00] log.INFO: Redirect ["https://www.nasa.gov/feature/additional-artemis-i-test-objectives-to-provide-added-confidence-in-capabilities-0"] []
