[2022-08-04T14:35:03.136203+00:00] log.INFO: Info log [] []
[2022-08-04T14:35:03.136652+00:00] log.DEBUG: Debug log [] []
[2022-08-04T14:35:03.136695+00:00] log.ERROR: Error log [] []
[2022-08-04T14:35:03.136728+00:00] log.WARNING: Warning log [] []
[2022-08-04T14:35:19.209172+00:00] log.INFO: Info log [] []
[2022-08-04T14:35:19.209461+00:00] log.DEBUG: Debug log [] []
[2022-08-04T14:35:19.209505+00:00] log.ERROR: Error log [] []
[2022-08-04T14:35:19.209552+00:00] log.WARNING: Warning log [] []
[2022-08-04T14:36:37.563249+00:00] log.INFO: Info log [] []
[2022-08-04T14:36:37.563483+00:00] log.DEBUG: Debug log [] []
[2022-08-04T14:36:37.563523+00:00] log.ERROR: Error log [] []
[2022-08-04T14:36:37.563556+00:00] log.WARNING: Warning log [] []
[2022-08-04T14:38:20.952658+00:00] log.INFO: Info log [] []
[2022-08-04T14:38:20.952917+00:00] log.DEBUG: Debug log [] []
[2022-08-04T14:38:20.952961+00:00] log.ERROR: Error log [] []
[2022-08-04T14:38:20.953070+00:00] log.WARNING: Warning log [] []
[2022-08-04T14:38:22.719048+00:00] log.INFO: Info log [] []
[2022-08-04T14:38:22.719274+00:00] log.DEBUG: Debug log [] []
[2022-08-04T14:38:22.719315+00:00] log.ERROR: Error log [] []
[2022-08-04T14:38:22.719350+00:00] log.WARNING: Warning log [] []
[2022-08-04T14:38:31.316996+00:00] log.INFO: Info log [] []
[2022-08-04T14:38:31.317254+00:00] log.DEBUG: Debug log [] []
[2022-08-04T14:38:31.317300+00:00] log.ERROR: Error log [] []
[2022-08-04T14:38:31.317334+00:00] log.WARNING: Warning log [] []
[2022-08-04T14:38:31.317370+00:00] log.INFO: Redirect ["https://google.com"] []
[2022-08-04T14:38:33.274041+00:00] log.INFO: Info log [] []
[2022-08-04T14:38:33.274253+00:00] log.DEBUG: Debug log [] []
[2022-08-04T14:38:33.274293+00:00] log.ERROR: Error log [] []
[2022-08-04T14:38:33.274326+00:00] log.WARNING: Warning log [] []
[2022-08-04T14:38:33.274362+00:00] log.INFO: Redirect ["https://google.com"] []
[2022-08-04T14:38:38.159260+00:00] log.INFO: Info log [] []
[2022-08-04T14:38:38.159498+00:00] log.DEBUG: Debug log [] []
[2022-08-04T14:38:38.159543+00:00] log.ERROR: Error log [] []
[2022-08-04T14:38:38.159576+00:00] log.WARNING: Warning log [] []
[2022-08-04T14:38:38.159612+00:00] log.INFO: Redirect ["https://google.com"] []
[2022-08-04T14:38:41.589522+00:00] log.INFO: Info log [] []
[2022-08-04T14:38:41.589767+00:00] log.DEBUG: Debug log [] []
[2022-08-04T14:38:41.589807+00:00] log.ERROR: Error log [] []
[2022-08-04T14:38:41.589840+00:00] log.WARNING: Warning log [] []
[2022-08-04T14:38:41.589875+00:00] log.INFO: Redirect ["https://google.com"] []
[2022-08-04T14:45:15.104316+00:00] log.INFO: Info log [] []
[2022-08-04T14:45:15.104659+00:00] log.DEBUG: Debug log [] []
[2022-08-04T14:45:15.104703+00:00] log.ERROR: Error log [] []
[2022-08-04T14:45:15.104767+00:00] log.WARNING: Warning log [] []
[2022-08-04T14:45:15.104858+00:00] log.INFO: Redirect ["https://google.com"] []
[2022-08-04T14:45:36.868415+00:00] log.INFO: Info log [] []
[2022-08-04T14:45:36.868658+00:00] log.DEBUG: Debug log [] []
[2022-08-04T14:45:36.868702+00:00] log.ERROR: Error log [] []
[2022-08-04T14:45:36.868736+00:00] log.WARNING: Warning log [] []
[2022-08-04T14:45:36.868768+00:00] log.INFO: Redirect {"url":"https://google.com"} []
[2022-08-04T14:50:56.917350+00:00] log.INFO: Info log [] []
[2022-08-04T14:50:56.917622+00:00] log.DEBUG: Debug log [] []
[2022-08-04T14:50:56.917663+00:00] log.ERROR: Error log [] []
[2022-08-04T14:50:56.917696+00:00] log.WARNING: Warning log [] []
[2022-08-04T14:50:56.917730+00:00] log.INFO: Redirect {"url":"https://google.com"} []
[2022-08-04T14:51:01.954324+00:00] log.INFO: Info log [] []
[2022-08-04T14:51:01.954608+00:00] log.DEBUG: Debug log [] []
[2022-08-04T14:51:01.954651+00:00] log.ERROR: Error log [] []
[2022-08-04T14:51:01.954687+00:00] log.WARNING: Warning log [] []
[2022-08-04T14:51:01.954720+00:00] log.INFO: Redirect {"url":"https://google.com"} []
[2022-08-04T15:26:13.873270+00:00] log.INFO: Redirect {"url":null} []
[2022-08-04T15:34:09.214900+00:00] log.INFO: Redirect {"url":null} []
[2022-08-04T15:35:53.028194+00:00] log.DEBUG: ds get {"id":"23423432","url":"dGVzdA==","target":"aHR0cHM6Ly9nb29nbGUuY29t","updated":1659627353,"created":1659627253} []
[2022-08-04T15:35:53.028526+00:00] log.INFO: Redirect {"url":null} []
[2022-08-04T15:36:42.887711+00:00] log.DEBUG: ds get {"id":"23423432","url":"dGVzdA==","target":"aHR0cHM6Ly9nb29nbGUuY29t","updated":1659627402,"created":1659627302} []
[2022-08-04T15:36:42.888393+00:00] log.INFO: Redirect {"url":"https://google.com"} []
[2022-08-04T15:36:49.185830+00:00] log.DEBUG: ds get {"id":"23423432","url":"dGVzdA==","target":"aHR0cHM6Ly9nb29nbGUuY29t","updated":1659627409,"created":1659627309} []
[2022-08-04T15:36:49.186112+00:00] log.INFO: Redirect {"url":"https://google.com"} []
[2022-08-04T15:47:39.129710+00:00] log.INFO: test [] []
[2022-08-04T15:51:31.879572+00:00] log.DEBUG: start [] []
[2022-08-04T15:51:31.879917+00:00] log.DEBUG: ds get {"id":"23423432","url":"dGVzdA==","target":"aHR0cHM6Ly9nb29nbGUuY29t","updated":1659628291,"created":1659628191} []
[2022-08-04T15:51:31.879969+00:00] log.INFO: Redirect {"url":"https://google.com"} []
[2022-08-04T15:51:33.783886+00:00] log.DEBUG: start [] []
[2022-08-04T15:51:33.784149+00:00] log.DEBUG: ds get {"id":"23423432","url":"dGVzdA==","target":"aHR0cHM6Ly9nb29nbGUuY29t","updated":1659628293,"created":1659628193} []
[2022-08-04T15:51:33.784199+00:00] log.INFO: Redirect {"url":"https://google.com"} []
[2022-08-04T15:53:20.957965+00:00] log.DEBUG: start [] []
[2022-08-04T15:53:20.958256+00:00] log.DEBUG: ds get {"id":"23423432","url":"dGVzdA==","target":"aHR0cHM6Ly9nb29nbGUuY29t","updated":1659628400,"created":1659628300} []
[2022-08-04T15:54:34.580590+00:00] log.DEBUG: start [] []
[2022-08-04T15:54:34.580964+00:00] log.DEBUG: ds get {"id":"23423432","url":"dGVzdA==","target":"aHR0cHM6Ly9nb29nbGUuY29t","updated":1659628474,"created":1659628374} []
[2022-08-04T15:54:34.581279+00:00] log.DEBUG: Redirect ["https://google.com"] []
[2022-08-04T15:54:34.581534+00:00] log.INFO: Redirect {"url":"aHR0cHM6Ly9nb29nbGUuY29t"} []
